This file contains any messages produced by compilers while
running configure, to aid debugging if configure makes a mistake.

It was created by Wolfpack Empire configure 4.4.0, which was
generated by GNU Autoconf 2.69.  Invocation command line was

  $ ./configure --prefix=/home/empowner/empire

## --------- ##
## Platform. ##
## --------- ##

hostname = empiredirectory.net
uname -m = x86_64
uname -r = 4.4.0-193-generic
uname -s = Linux
uname -v = #224-Ubuntu SMP Tue Oct 6 17:15:28 UTC 2020

/usr/bin/uname -p = unknown
/bin/uname -X     = unknown

/bin/arch              = unknown
/usr/bin/arch -k       = unknown
/usr/convex/getsysinfo = unknown
/usr/bin/hostinfo      = unknown
/bin/machine           = unknown
/usr/bin/oslevel       = unknown
/bin/universe          = unknown

PATH: /home/empowner/bin
PATH: /home/empowner/.local/bin
PATH: /usr/local/sbin
PATH: /usr/local/bin
PATH: /usr/sbin
PATH: /usr/bin
PATH: /sbin
PATH: /bin
PATH: /usr/games
PATH: /usr/local/games
PATH: /snap/bin


## ----------- ##
## Core tests. ##
## ----------- ##

configure:2102: checking for gawk
configure:2118: found /usr/bin/gawk
configure:2129: result: gawk
configure:2154: checking for a BSD-compatible install
configure:2222: result: /usr/bin/install -c
configure:2276: checking for ranlib
configure:2292: found /usr/bin/ranlib
configure:2303: result: ranlib
configure:2373: checking for gcc
configure:2389: found /usr/bin/gcc
configure:2400: result: gcc
configure:2629: checking for C compiler version
configure:2638: gcc --version >&5
gcc (Ubuntu 5.4.0-6ubuntu1~16.04.12) 5.4.0 20160609
Copyright (C) 2015 Free Software Foundation, Inc.
This is free software; see the source for copying conditions.  There is NO
warranty; not even for MERCHANTABILITY or FITNESS FOR A PARTICULAR PURPOSE.

configure:2649: $? = 0
configure:2638: gcc -v >&5
Using built-in specs.
COLLECT_GCC=gcc
COLLECT_LTO_WRAPPER=/usr/lib/gcc/x86_64-linux-gnu/5/lto-wrapper
Target: x86_64-linux-gnu
Configured with: ../src/configure -v --with-pkgversion='Ubuntu 5.4.0-6ubuntu1~16.04.12' --with-bugurl=file:///usr/share/doc/gcc-5/README.Bugs --enable-languages=c,ada,c++,java,go,d,fortran,objc,obj-c++ --prefix=/usr --program-suffix=-5 --enable-shared --enable-linker-build-id --libexecdir=/usr/lib --without-included-gettext --enable-threads=posix --libdir=/usr/lib --enable-nls --with-sysroot=/ --enable-clocale=gnu --enable-libstdcxx-debug --enable-libstdcxx-time=yes --with-default-libstdcxx-abi=new --enable-gnu-unique-object --disable-vtable-verify --enable-libmpx --enable-plugin --with-system-zlib --disable-browser-plugin --enable-java-awt=gtk --enable-gtk-cairo --with-java-home=/usr/lib/jvm/java-1.5.0-gcj-5-amd64/jre --enable-java-home --with-jvm-root-dir=/usr/lib/jvm/java-1.5.0-gcj-5-amd64 --with-jvm-jar-dir=/usr/lib/jvm-exports/java-1.5.0-gcj-5-amd64 --with-arch-directory=amd64 --with-ecj-jar=/usr/share/java/eclipse-ecj.jar --enable-objc-gc --enable-multiarch --disable-werror --with-arch-32=i686 --with-abi=m64 --with-multilib-list=m32,m64,mx32 --enable-multilib --with-tune=generic --enable-checking=release --build=x86_64-linux-gnu --host=x86_64-linux-gnu --target=x86_64-linux-gnu
Thread model: posix
gcc version 5.4.0 20160609 (Ubuntu 5.4.0-6ubuntu1~16.04.12) 
configure:2649: $? = 0
configure:2638: gcc -V >&5
gcc: error: unrecognized command line option '-V'
gcc: fatal error: no input files
compilation terminated.
configure:2649: $? = 1
configure:2638: gcc -qversion >&5
gcc: error: unrecognized command line option '-qversion'
gcc: fatal error: no input files
compilation terminated.
configure:2649: $? = 1
configure:2669: checking whether the C compiler works
configure:2691: gcc    conftest.c  >&5
configure:2695: $? = 0
configure:2743: result: yes
configure:2746: checking for C compiler default output file name
configure:2748: result: a.out
configure:2754: checking for suffix of executables
configure:2761: gcc -o conftest    conftest.c  >&5
configure:2765: $? = 0
configure:2787: result: 
configure:2809: checking whether we are cross compiling
configure:2817: gcc -o conftest    conftest.c  >&5
configure:2821: $? = 0
configure:2828: ./conftest
configure:2832: $? = 0
configure:2847: result: no
configure:2852: checking for suffix of object files
configure:2874: gcc -c   conftest.c >&5
configure:2878: $? = 0
configure:2899: result: o
configure:2903: checking whether we are using the GNU C compiler
configure:2922: gcc -c   conftest.c >&5
configure:2922: $? = 0
configure:2931: result: yes
configure:2940: checking whether gcc accepts -g
configure:2960: gcc -c -g  conftest.c >&5
configure:2960: $? = 0
configure:3001: result: yes
configure:3018: checking for gcc option to accept ISO C89
configure:3081: gcc  -c -g -O2  conftest.c >&5
configure:3081: $? = 0
configure:3094: result: none needed
configure:3137: checking for style of include used by make
configure:3165: result: GNU
configure:3191: checking dependency style of gcc
configure:3302: result: gcc3
configure:3321: checking for groff
configure:3337: found /usr/bin/groff
configure:3349: result: GROFF_NO_SGR= groff -Tascii -U
configure:3372: checking whether compiling for Windows API
configure:3380: gcc -c -g -O2  conftest.c >&5
configure:3380: $? = 0
configure:3386: result: no
configure:3408: checking build system type
configure:3422: result: x86_64-unknown-linux-gnu
configure:3442: checking host system type
configure:3455: result: x86_64-unknown-linux-gnu
configure:3587: checking if compiler needs -Werror to reject unknown flags
configure:3603: gcc -c -g -O2 -Werror -Wunknown-warning-option -Wsizeof-array-argument  conftest.c >&5
gcc: error: unrecognized command line option '-Wunknown-warning-option'
configure:3603: $? = 1
configure: failed program was:
| /* confdefs.h */
| #define PACKAGE_NAME "Wolfpack Empire"
| #define PACKAGE_TARNAME "empire"
| #define PACKAGE_VERSION "4.4.0"
| #define PACKAGE_STRING "Wolfpack Empire 4.4.0"
| #define PACKAGE_BUGREPORT "wolfpack@wolfpackempire.com"
| #define PACKAGE_URL "http://www.wolfpackempire.com/"
| /* end confdefs.h.  */
| int foo(void);
| int
| main ()
| {
| foo()
|   ;
|   return 0;
| }
configure:3608: result: no
configure:3674: checking for the pthreads library -lpthreads
configure:3712: gcc -o conftest -g -O2     conftest.c -lpthreads  >&5
/usr/bin/ld: cannot find -lpthreads
collect2: error: ld returned 1 exit status
configure:3712: $? = 1
configure: failed program was:
| /* confdefs.h */
| #define PACKAGE_NAME "Wolfpack Empire"
| #define PACKAGE_TARNAME "empire"
| #define PACKAGE_VERSION "4.4.0"
| #define PACKAGE_STRING "Wolfpack Empire 4.4.0"
| #define PACKAGE_BUGREPORT "wolfpack@wolfpackempire.com"
| #define PACKAGE_URL "http://www.wolfpackempire.com/"
| /* end confdefs.h.  */
| #include <pthread.h>
|                         static void routine(void *a) { a = 0; }
|                         static void *start_routine(void *a) { return a; }
| int
| main ()
| {
| pthread_t th; pthread_attr_t attr;
|                         pthread_create(&th, 0, start_routine, 0);
|                         pthread_join(th, 0);
|                         pthread_attr_init(&attr);
|                         pthread_cleanup_push(routine, 0);
|                         pthread_cleanup_pop(0) /* ; */
|   ;
|   return 0;
| }
configure:3721: result: no
configure:3619: checking whether pthreads work without any flags
configure:3712: gcc -o conftest -g -O2     conftest.c   >&5
/tmp/cc8H6Dvw.o: In function `main':
/home/empowner/empire-source/conftest.c:16: undefined reference to `pthread_create'
/home/empowner/empire-source/conftest.c:17: undefined reference to `pthread_join'
/home/empowner/empire-source/conftest.c:19: undefined reference to `__pthread_register_cancel'
/home/empowner/empire-source/conftest.c:20: undefined reference to `__pthread_unregister_cancel'
collect2: error: ld returned 1 exit status
configure:3712: $? = 1
configure: failed program was:
| /* confdefs.h */
| #define PACKAGE_NAME "Wolfpack Empire"
| #define PACKAGE_TARNAME "empire"
| #define PACKAGE_VERSION "4.4.0"
| #define PACKAGE_STRING "Wolfpack Empire 4.4.0"
| #define PACKAGE_BUGREPORT "wolfpack@wolfpackempire.com"
| #define PACKAGE_URL "http://www.wolfpackempire.com/"
| /* end confdefs.h.  */
| #include <pthread.h>
|                         static void routine(void *a) { a = 0; }
|                         static void *start_routine(void *a) { return a; }
| int
| main ()
| {
| pthread_t th; pthread_attr_t attr;
|                         pthread_create(&th, 0, start_routine, 0);
|                         pthread_join(th, 0);
|                         pthread_attr_init(&attr);
|                         pthread_cleanup_push(routine, 0);
|                         pthread_cleanup_pop(0) /* ; */
|   ;
|   return 0;
| }
configure:3721: result: no
configure:3624: checking whether pthreads work with -Kthread
configure:3712: gcc -o conftest -g -O2 -Kthread    conftest.c   >&5
gcc: error: unrecognized command line option '-Kthread'
configure:3712: $? = 1
configure: failed program was:
| /* confdefs.h */
| #define PACKAGE_NAME "Wolfpack Empire"
| #define PACKAGE_TARNAME "empire"
| #define PACKAGE_VERSION "4.4.0"
| #define PACKAGE_STRING "Wolfpack Empire 4.4.0"
| #define PACKAGE_BUGREPORT "wolfpack@wolfpackempire.com"
| #define PACKAGE_URL "http://www.wolfpackempire.com/"
| /* end confdefs.h.  */
| #include <pthread.h>
|                         static void routine(void *a) { a = 0; }
|                         static void *start_routine(void *a) { return a; }
| int
| main ()
| {
| pthread_t th; pthread_attr_t attr;
|                         pthread_create(&th, 0, start_routine, 0);
|                         pthread_join(th, 0);
|                         pthread_attr_init(&attr);
|                         pthread_cleanup_push(routine, 0);
|                         pthread_cleanup_pop(0) /* ; */
|   ;
|   return 0;
| }
configure:3721: result: no
configure:3624: checking whether pthreads work with -kthread
configure:3712: gcc -o conftest -g -O2 -kthread    conftest.c   >&5
gcc: error: unrecognized command line option '-kthread'
configure:3712: $? = 1
configure: failed program was:
| /* confdefs.h */
| #define PACKAGE_NAME "Wolfpack Empire"
| #define PACKAGE_TARNAME "empire"
| #define PACKAGE_VERSION "4.4.0"
| #define PACKAGE_STRING "Wolfpack Empire 4.4.0"
| #define PACKAGE_BUGREPORT "wolfpack@wolfpackempire.com"
| #define PACKAGE_URL "http://www.wolfpackempire.com/"
| /* end confdefs.h.  */
| #include <pthread.h>
|                         static void routine(void *a) { a = 0; }
|                         static void *start_routine(void *a) { return a; }
| int
| main ()
| {
| pthread_t th; pthread_attr_t attr;
|                         pthread_create(&th, 0, start_routine, 0);
|                         pthread_join(th, 0);
|                         pthread_attr_init(&attr);
|                         pthread_cleanup_push(routine, 0);
|                         pthread_cleanup_pop(0) /* ; */
|   ;
|   return 0;
| }
configure:3721: result: no
configure:3674: checking for the pthreads library -llthread
configure:3712: gcc -o conftest -g -O2     conftest.c -llthread  >&5
/usr/bin/ld: cannot find -llthread
collect2: error: ld returned 1 exit status
configure:3712: $? = 1
configure: failed program was:
| /* confdefs.h */
| #define PACKAGE_NAME "Wolfpack Empire"
| #define PACKAGE_TARNAME "empire"
| #define PACKAGE_VERSION "4.4.0"
| #define PACKAGE_STRING "Wolfpack Empire 4.4.0"
| #define PACKAGE_BUGREPORT "wolfpack@wolfpackempire.com"
| #define PACKAGE_URL "http://www.wolfpackempire.com/"
| /* end confdefs.h.  */
| #include <pthread.h>
|                         static void routine(void *a) { a = 0; }
|                         static void *start_routine(void *a) { return a; }
| int
| main ()
| {
| pthread_t th; pthread_attr_t attr;
|                         pthread_create(&th, 0, start_routine, 0);
|                         pthread_join(th, 0);
|                         pthread_attr_init(&attr);
|                         pthread_cleanup_push(routine, 0);
|                         pthread_cleanup_pop(0) /* ; */
|   ;
|   return 0;
| }
configure:3721: result: no
configure:3624: checking whether pthreads work with -pthread
configure:3712: gcc -o conftest -g -O2 -pthread    conftest.c   >&5
configure:3712: $? = 0
configure:3721: result: yes
configure:3740: checking for joinable pthread attribute
configure:3755: gcc -o conftest -g -O2 -pthread   conftest.c   >&5
configure:3755: $? = 0
configure:3761: result: PTHREAD_CREATE_JOINABLE
configure:3771: checking if more special flags are required for pthreads
configure:3786: result: no
configure:3792: checking for PTHREAD_PRIO_INHERIT
configure:3809: gcc -o conftest -g -O2 -pthread   conftest.c   >&5
configure:3809: $? = 0
configure:3818: result: yes
configure:3920: checking for library containing gethostbyname
configure:3951: gcc -o conftest -g -O2   conftest.c   >&5
configure:3951: $? = 0
configure:3968: result: none required
configure:3976: checking for library containing socket
configure:4007: gcc -o conftest -g -O2   conftest.c   >&5
configure:4007: $? = 0
configure:4024: result: none required
configure:4081: checking how to run the C preprocessor
configure:4112: gcc -E  conftest.c
configure:4112: $? = 0
configure:4126: gcc -E  conftest.c
conftest.c:11:28: fatal error: ac_nonexistent.h: No such file or directory
compilation terminated.
configure:4126: $? = 1
configure: failed program was:
| /* confdefs.h */
| #define PACKAGE_NAME "Wolfpack Empire"
| #define PACKAGE_TARNAME "empire"
| #define PACKAGE_VERSION "4.4.0"
| #define PACKAGE_STRING "Wolfpack Empire 4.4.0"
| #define PACKAGE_BUGREPORT "wolfpack@wolfpackempire.com"
| #define PACKAGE_URL "http://www.wolfpackempire.com/"
| #define HAVE_PTHREAD_PRIO_INHERIT 1
| #define HAVE_PTHREAD 1
| /* end confdefs.h.  */
| #include <ac_nonexistent.h>
configure:4151: result: gcc -E
configure:4171: gcc -E  conftest.c
configure:4171: $? = 0
configure:4185: gcc -E  conftest.c
conftest.c:11:28: fatal error: ac_nonexistent.h: No such file or directory
compilation terminated.
configure:4185: $? = 1
configure: failed program was:
| /* confdefs.h */
| #define PACKAGE_NAME "Wolfpack Empire"
| #define PACKAGE_TARNAME "empire"
| #define PACKAGE_VERSION "4.4.0"
| #define PACKAGE_STRING "Wolfpack Empire 4.4.0"
| #define PACKAGE_BUGREPORT "wolfpack@wolfpackempire.com"
| #define PACKAGE_URL "http://www.wolfpackempire.com/"
| #define HAVE_PTHREAD_PRIO_INHERIT 1
| #define HAVE_PTHREAD 1
| /* end confdefs.h.  */
| #include <ac_nonexistent.h>
configure:4214: checking for grep that handles long lines and -e
configure:4272: result: /bin/grep
configure:4277: checking for egrep
configure:4339: result: /bin/grep -E
configure:4344: checking for ANSI C header files
configure:4364: gcc -c -g -O2  conftest.c >&5
configure:4364: $? = 0
configure:4437: gcc -o conftest -g -O2   conftest.c   >&5
configure:4437: $? = 0
configure:4437: ./conftest
configure:4437: $? = 0
configure:4448: result: yes
configure:4461: checking for sys/types.h
configure:4461: gcc -c -g -O2  conftest.c >&5
configure:4461: $? = 0
configure:4461: result: yes
configure:4461: checking for sys/stat.h
configure:4461: gcc -c -g -O2  conftest.c >&5
configure:4461: $? = 0
configure:4461: result: yes
configure:4461: checking for stdlib.h
configure:4461: gcc -c -g -O2  conftest.c >&5
configure:4461: $? = 0
configure:4461: result: yes
configure:4461: checking for string.h
configure:4461: gcc -c -g -O2  conftest.c >&5
configure:4461: $? = 0
configure:4461: result: yes
configure:4461: checking for memory.h
configure:4461: gcc -c -g -O2  conftest.c >&5
configure:4461: $? = 0
configure:4461: result: yes
configure:4461: checking for strings.h
configure:4461: gcc -c -g -O2  conftest.c >&5
configure:4461: $? = 0
configure:4461: result: yes
configure:4461: checking for inttypes.h
configure:4461: gcc -c -g -O2  conftest.c >&5
configure:4461: $? = 0
configure:4461: result: yes
configure:4461: checking for stdint.h
configure:4461: gcc -c -g -O2  conftest.c >&5
configure:4461: $? = 0
configure:4461: result: yes
configure:4461: checking for unistd.h
configure:4461: gcc -c -g -O2  conftest.c >&5
configure:4461: $? = 0
configure:4461: result: yes
configure:4488: checking for add_history in -lreadline
configure:4513: gcc -o conftest -g -O2   conftest.c -lreadline    >&5
configure:4513: $? = 0
configure:4523: result: yes
configure:4533: checking for readline/readline.h
configure:4533: gcc -c -g -O2  conftest.c >&5
configure:4533: $? = 0
configure:4533: result: yes
configure:4542: checking for readline/history.h
configure:4542: gcc -c -g -O2  conftest.c >&5
configure:4542: $? = 0
configure:4542: result: yes
configure:4581: checking whether C compiler accepts -Werror=unknown-warning-option
configure:4600: gcc -c -g -O2  -Werror=unknown-warning-option  conftest.c >&5
cc1: error: -Werror=unknown-warning-option: no option -Wunknown-warning-option
configure:4600: $? = 1
configure: failed program was:
| /* confdefs.h */
| #define PACKAGE_NAME "Wolfpack Empire"
| #define PACKAGE_TARNAME "empire"
| #define PACKAGE_VERSION "4.4.0"
| #define PACKAGE_STRING "Wolfpack Empire 4.4.0"
| #define PACKAGE_BUGREPORT "wolfpack@wolfpackempire.com"
| #define PACKAGE_URL "http://www.wolfpackempire.com/"
| #define HAVE_PTHREAD_PRIO_INHERIT 1
| #define HAVE_PTHREAD 1
| #define STDC_HEADERS 1
| #define HAVE_SYS_TYPES_H 1
| #define HAVE_SYS_STAT_H 1
| #define HAVE_STDLIB_H 1
| #define HAVE_STRING_H 1
| #define HAVE_MEMORY_H 1
| #define HAVE_STRINGS_H 1
| #define HAVE_INTTYPES_H 1
| #define HAVE_STDINT_H 1
| #define HAVE_UNISTD_H 1
| #define HAVE_LIBREADLINE 1
| /* end confdefs.h.  */
| 
| int
| main ()
| {
| 
|   ;
|   return 0;
| }
configure:4608: result: no
configure:4623: checking whether C compiler accepts -Wall
configure:4642: gcc -c -g -O2  -Wall  conftest.c >&5
configure:4642: $? = 0
configure:4651: result: yes
configure:4667: : CFLAGS="$CFLAGS"
configure:4670: $? = 0
configure:4623: checking whether C compiler accepts -Wextra
configure:4642: gcc -c -g -O2 -Wall  -Wextra  conftest.c >&5
configure:4642: $? = 0
configure:4651: result: yes
configure:4667: : CFLAGS="$CFLAGS"
configure:4670: $? = 0
configure:4623: checking whether C compiler accepts -Wdeclaration-after-statement
configure:4642: gcc -c -g -O2 -Wall -Wextra  -Wdeclaration-after-statement  conftest.c >&5
configure:4642: $? = 0
configure:4651: result: yes
configure:4667: : CFLAGS="$CFLAGS"
configure:4670: $? = 0
configure:4623: checking whether C compiler accepts -Wformat-security
configure:4642: gcc -c -g -O2 -Wall -Wextra -Wdeclaration-after-statement  -Wformat-security  conftest.c >&5
configure:4642: $? = 0
configure:4651: result: yes
configure:4667: : CFLAGS="$CFLAGS"
configure:4670: $? = 0
configure:4623: checking whether C compiler accepts -Winit-self
configure:4642: gcc -c -g -O2 -Wall -Wextra -Wdeclaration-after-statement -Wformat-security  -Winit-self  conftest.c >&5
configure:4642: $? = 0
configure:4651: result: yes
configure:4667: : CFLAGS="$CFLAGS"
configure:4670: $? = 0
configure:4623: checking whether C compiler accepts -Wlogical-op
configure:4642: gcc -c -g -O2 -Wall -Wextra -Wdeclaration-after-statement -Wformat-security -Winit-self  -Wlogical-op  conftest.c >&5
configure:4642: $? = 0
configure:4651: result: yes
configure:4667: : CFLAGS="$CFLAGS"
configure:4670: $? = 0
configure:4623: checking whether C compiler accepts -Wmissing-prototypes
configure:4642: gcc -c -g -O2 -Wall -Wextra -Wdeclaration-after-statement -Wformat-security -Winit-self -Wlogical-op  -Wmissing-prototypes  conftest.c >&5
configure:4642: $? = 0
configure:4651: result: yes
configure:4667: : CFLAGS="$CFLAGS"
configure:4670: $? = 0
configure:4623: checking whether C compiler accepts -Wnested-externs
configure:4642: gcc -c -g -O2 -Wall -Wextra -Wdeclaration-after-statement -Wformat-security -Winit-self -Wlogical-op -Wmissing-prototypes  -Wnested-externs  conftest.c >&5
configure:4642: $? = 0
configure:4651: result: yes
configure:4667: : CFLAGS="$CFLAGS"
configure:4670: $? = 0
configure:4623: checking whether C compiler accepts -Wold-style-definition
configure:4642: gcc -c -g -O2 -Wall -Wextra -Wdeclaration-after-statement -Wformat-security -Winit-self -Wlogical-op -Wmissing-prototypes -Wnested-externs  -Wold-style-definition  conftest.c >&5
conftest.c: In function 'main':
conftest.c:24:1: warning: old-style function definition [-Wold-style-definition]
 main ()
 ^
configure:4642: $? = 0
configure:4651: result: yes
configure:4667: : CFLAGS="$CFLAGS"
configure:4670: $? = 0
configure:4623: checking whether C compiler accepts -Wpacked
configure:4642: gcc -c -g -O2 -Wall -Wextra -Wdeclaration-after-statement -Wformat-security -Winit-self -Wlogical-op -Wmissing-prototypes -Wnested-externs -Wold-style-definition  -Wpacked  conftest.c >&5
conftest.c: In function 'main':
conftest.c:24:1: warning: old-style function definition [-Wold-style-definition]
 main ()
 ^
configure:4642: $? = 0
configure:4651: result: yes
configure:4667: : CFLAGS="$CFLAGS"
configure:4670: $? = 0
configure:4623: checking whether C compiler accepts -Wpointer-arith
configure:4642: gcc -c -g -O2 -Wall -Wextra -Wdeclaration-after-statement -Wformat-security -Winit-self -Wlogical-op -Wmissing-prototypes -Wnested-externs -Wold-style-definition -Wpacked  -Wpointer-arith  conftest.c >&5
conftest.c: In function 'main':
conftest.c:24:1: warning: old-style function definition [-Wold-style-definition]
 main ()
 ^
configure:4642: $? = 0
configure:4651: result: yes
configure:4667: : CFLAGS="$CFLAGS"
configure:4670: $? = 0
configure:4623: checking whether C compiler accepts -Wredundant-decls
configure:4642: gcc -c -g -O2 -Wall -Wextra -Wdeclaration-after-statement -Wformat-security -Winit-self -Wlogical-op -Wmissing-prototypes -Wnested-externs -Wold-style-definition -Wpacked -Wpointer-arith  -Wredundant-decls  conftest.c >&5
conftest.c: In function 'main':
conftest.c:24:1: warning: old-style function definition [-Wold-style-definition]
 main ()
 ^
configure:4642: $? = 0
configure:4651: result: yes
configure:4667: : CFLAGS="$CFLAGS"
configure:4670: $? = 0
configure:4623: checking whether C compiler accepts -Wstrict-prototypes
configure:4642: gcc -c -g -O2 -Wall -Wextra -Wdeclaration-after-statement -Wformat-security -Winit-self -Wlogical-op -Wmissing-prototypes -Wnested-externs -Wold-style-definition -Wpacked -Wpointer-arith -Wredundant-decls  -Wstrict-prototypes  conftest.c >&5
conftest.c:24:1: warning: function declaration isn't a prototype [-Wstrict-prototypes]
 main ()
 ^
conftest.c: In function 'main':
conftest.c:24:1: warning: old-style function definition [-Wold-style-definition]
configure:4642: $? = 0
configure:4651: result: yes
configure:4667: : CFLAGS="$CFLAGS"
configure:4670: $? = 0
configure:4623: checking whether C compiler accepts -Wundef
configure:4642: gcc -c -g -O2 -Wall -Wextra -Wdeclaration-after-statement -Wformat-security -Winit-self -Wlogical-op -Wmissing-prototypes -Wnested-externs -Wold-style-definition -Wpacked -Wpointer-arith -Wredundant-decls -Wstrict-prototypes  -Wundef  conftest.c >&5
conftest.c:24:1: warning: function declaration isn't a prototype [-Wstrict-prototypes]
 main ()
 ^
conftest.c: In function 'main':
conftest.c:24:1: warning: old-style function definition [-Wold-style-definition]
configure:4642: $? = 0
configure:4651: result: yes
configure:4667: : CFLAGS="$CFLAGS"
configure:4670: $? = 0
configure:4623: checking whether C compiler accepts -Wunused-parameter
configure:4642: gcc -c -g -O2 -Wall -Wextra -Wdeclaration-after-statement -Wformat-security -Winit-self -Wlogical-op -Wmissing-prototypes -Wnested-externs -Wold-style-definition -Wpacked -Wpointer-arith -Wredundant-decls -Wstrict-prototypes -Wundef  -Wunused-parameter  conftest.c >&5
conftest.c:24:1: warning: function declaration isn't a prototype [-Wstrict-prototypes]
 main ()
 ^
conftest.c: In function 'main':
conftest.c:24:1: warning: old-style function definition [-Wold-style-definition]
configure:4642: $? = 0
configure:4651: result: yes
configure:4667: : CFLAGS="$CFLAGS"
configure:4670: $? = 0
configure:4701: checking whether C compiler accepts -fno-builtin-carg
configure:4720: gcc -c -g -O2 -Wall -Wextra -Wdeclaration-after-statement -Wformat-security -Winit-self -Wlogical-op -Wmissing-prototypes -Wnested-externs -Wold-style-definition -Wpacked -Wpointer-arith -Wredundant-decls -Wstrict-prototypes -Wundef -Wno-unused-parameter  -fno-builtin-carg  conftest.c >&5
conftest.c:24:1: warning: function declaration isn't a prototype [-Wstrict-prototypes]
 main ()
 ^
conftest.c: In function 'main':
conftest.c:24:1: warning: old-style function definition [-Wold-style-definition]
configure:4720: $? = 0
configure:4729: result: yes
configure:4745: : CFLAGS="$CFLAGS"
configure:4748: $? = 0
configure:4701: checking whether C compiler accepts -Wincompatible-library-redeclaration
configure:4720: gcc -c -g -O2 -Wall -Wextra -Wdeclaration-after-statement -Wformat-security -Winit-self -Wlogical-op -Wmissing-prototypes -Wnested-externs -Wold-style-definition -Wpacked -Wpointer-arith -Wredundant-decls -Wstrict-prototypes -Wundef -Wno-unused-parameter -fno-builtin-carg  -Wincompatible-library-redeclaration  conftest.c >&5
gcc: error: unrecognized command line option '-Wincompatible-library-redeclaration'
configure:4720: $? = 1
configure: failed program was:
| /* confdefs.h */
| #define PACKAGE_NAME "Wolfpack Empire"
| #define PACKAGE_TARNAME "empire"
| #define PACKAGE_VERSION "4.4.0"
| #define PACKAGE_STRING "Wolfpack Empire 4.4.0"
| #define PACKAGE_BUGREPORT "wolfpack@wolfpackempire.com"
| #define PACKAGE_URL "http://www.wolfpackempire.com/"
| #define HAVE_PTHREAD_PRIO_INHERIT 1
| #define HAVE_PTHREAD 1
| #define STDC_HEADERS 1
| #define HAVE_SYS_TYPES_H 1
| #define HAVE_SYS_STAT_H 1
| #define HAVE_STDLIB_H 1
| #define HAVE_STRING_H 1
| #define HAVE_MEMORY_H 1
| #define HAVE_STRINGS_H 1
| #define HAVE_INTTYPES_H 1
| #define HAVE_STDINT_H 1
| #define HAVE_UNISTD_H 1
| #define HAVE_LIBREADLINE 1
| /* end confdefs.h.  */
| 
| int
| main ()
| {
| 
|   ;
|   return 0;
| }
configure:4729: result: no
configure:4779: checking whether C compiler accepts -fno-common
configure:4798: gcc -c -g -O2 -Wall -Wextra -Wdeclaration-after-statement -Wformat-security -Winit-self -Wlogical-op -Wmissing-prototypes -Wnested-externs -Wold-style-definition -Wpacked -Wpointer-arith -Wredundant-decls -Wstrict-prototypes -Wundef -Wno-unused-parameter -fno-builtin-carg  -fno-common  conftest.c >&5
conftest.c:24:1: warning: function declaration isn't a prototype [-Wstrict-prototypes]
 main ()
 ^
conftest.c: In function 'main':
conftest.c:24:1: warning: old-style function definition [-Wold-style-definition]
configure:4798: $? = 0
configure:4807: result: yes
configure:4823: : CFLAGS="$CFLAGS"
configure:4826: $? = 0
configure:4878: checking whether C compiler accepts -fno-strict-aliasing
configure:4897: gcc -c -g -O2 -Wall -Wextra -Wdeclaration-after-statement -Wformat-security -Winit-self -Wlogical-op -Wmissing-prototypes -Wnested-externs -Wold-style-definition -Wpacked -Wpointer-arith -Wredundant-decls -Wstrict-prototypes -Wundef -Wno-unused-parameter -fno-builtin-carg -fno-common  -fno-strict-aliasing  conftest.c >&5
conftest.c:24:1: warning: function declaration isn't a prototype [-Wstrict-prototypes]
 main ()
 ^
conftest.c: In function 'main':
conftest.c:24:1: warning: old-style function definition [-Wold-style-definition]
configure:4897: $? = 0
configure:4906: result: yes
configure:4922: : CFLAGS="$CFLAGS"
configure:4925: $? = 0
configure:4878: checking whether C compiler accepts -fno-strict-overflow
configure:4897: gcc -c -g -O2 -Wall -Wextra -Wdeclaration-after-statement -Wformat-security -Winit-self -Wlogical-op -Wmissing-prototypes -Wnested-externs -Wold-style-definition -Wpacked -Wpointer-arith -Wredundant-decls -Wstrict-prototypes -Wundef -Wno-unused-parameter -fno-builtin-carg -fno-common -fno-strict-aliasing  -fno-strict-overflow  conftest.c >&5
conftest.c:24:1: warning: function declaration isn't a prototype [-Wstrict-prototypes]
 main ()
 ^
conftest.c: In function 'main':
conftest.c:24:1: warning: old-style function definition [-Wold-style-definition]
configure:4897: $? = 0
configure:4906: result: yes
configure:4922: : CFLAGS="$CFLAGS"
configure:4925: $? = 0
configure:4961: checking whether the linker accepts -fstack-protector-strong
configure:4980: gcc -o conftest -g -O2 -Wall -Wextra -Wdeclaration-after-statement -Wformat-security -Winit-self -Wlogical-op -Wmissing-prototypes -Wnested-externs -Wold-style-definition -Wpacked -Wpointer-arith -Wredundant-decls -Wstrict-prototypes -Wundef -Wno-unused-parameter -fno-builtin-carg -fno-common -fno-strict-aliasing -fno-strict-overflow    -fstack-protector-strong conftest.c -lreadline   >&5
configure:4980: $? = 0
configure:4990: result: yes
configure:5006: : LDFLAGS="$LDFLAGS"
configure:5009: $? = 0
configure:5038: checking for getaddrinfo
configure:5038: gcc -o conftest -g -O2 -Wall -Wextra -Wdeclaration-after-statement -Wformat-security -Winit-self -Wlogical-op -Wmissing-prototypes -Wnested-externs -Wold-style-definition -Wpacked -Wpointer-arith -Wredundant-decls -Wstrict-prototypes -Wundef -Wno-unused-parameter -fno-builtin-carg -fno-common -fno-strict-aliasing -fno-strict-overflow   -fstack-protector-strong conftest.c -lreadline   >&5
conftest.c:45:1: warning: function declaration isn't a prototype [-Wstrict-prototypes]
 char getaddrinfo ();
 ^
conftest.c:54:1: warning: function declaration isn't a prototype [-Wstrict-prototypes]
 main ()
 ^
conftest.c: In function 'main':
conftest.c:54:1: warning: old-style function definition [-Wold-style-definition]
configure:5038: $? = 0
configure:5038: result: yes
configure:5038: checking for getpass
configure:5038: gcc -o conftest -g -O2 -Wall -Wextra -Wdeclaration-after-statement -Wformat-security -Winit-self -Wlogical-op -Wmissing-prototypes -Wnested-externs -Wold-style-definition -Wpacked -Wpointer-arith -Wredundant-decls -Wstrict-prototypes -Wundef -Wno-unused-parameter -fno-builtin-carg -fno-common -fno-strict-aliasing -fno-strict-overflow   -fstack-protector-strong conftest.c -lreadline   >&5
conftest.c:46:1: warning: function declaration isn't a prototype [-Wstrict-prototypes]
 char getpass ();
 ^
conftest.c:55:1: warning: function declaration isn't a prototype [-Wstrict-prototypes]
 main ()
 ^
conftest.c: In function 'main':
conftest.c:55:1: warning: old-style function definition [-Wold-style-definition]
configure:5038: $? = 0
configure:5038: result: yes
configure:5057: checking for makecontext
configure:5057: gcc -o conftest -g -O2 -Wall -Wextra -Wdeclaration-after-statement -Wformat-security -Winit-self -Wlogical-op -Wmissing-prototypes -Wnested-externs -Wold-style-definition -Wpacked -Wpointer-arith -Wredundant-decls -Wstrict-prototypes -Wundef -Wno-unused-parameter -fno-builtin-carg -fno-common -fno-strict-aliasing -fno-strict-overflow   -fstack-protector-strong conftest.c -lreadline   >&5
conftest.c:47:1: warning: function declaration isn't a prototype [-Wstrict-prototypes]
 char makecontext ();
 ^
conftest.c:56:1: warning: function declaration isn't a prototype [-Wstrict-prototypes]
 main ()
 ^
conftest.c: In function 'main':
conftest.c:56:1: warning: old-style function definition [-Wold-style-definition]
configure:5057: $? = 0
configure:5057: result: yes
configure:5137: checking for library containing setupterm
configure:5168: gcc -o conftest -g -O2 -Wall -Wextra -Wdeclaration-after-statement -Wformat-security -Winit-self -Wlogical-op -Wmissing-prototypes -Wnested-externs -Wold-style-definition -Wpacked -Wpointer-arith -Wredundant-decls -Wstrict-prototypes -Wundef -Wno-unused-parameter -fno-builtin-carg -fno-common -fno-strict-aliasing -fno-strict-overflow   -fstack-protector-strong conftest.c -lreadline   >&5
conftest.c:34:1: warning: function declaration isn't a prototype [-Wstrict-prototypes]
 char setupterm ();
 ^
conftest.c:36:1: warning: function declaration isn't a prototype [-Wstrict-prototypes]
 main ()
 ^
conftest.c: In function 'main':
conftest.c:36:1: warning: old-style function definition [-Wold-style-definition]
/tmp/ccVKmBic.o: In function `main':
/home/empowner/empire-source/conftest.c:38: undefined reference to `setupterm'
collect2: error: ld returned 1 exit status
configure:5168: $? = 1
configure: failed program was:
| /* confdefs.h */
| #define PACKAGE_NAME "Wolfpack Empire"
| #define PACKAGE_TARNAME "empire"
| #define PACKAGE_VERSION "4.4.0"
| #define PACKAGE_STRING "Wolfpack Empire 4.4.0"
| #define PACKAGE_BUGREPORT "wolfpack@wolfpackempire.com"
| #define PACKAGE_URL "http://www.wolfpackempire.com/"
| #define HAVE_PTHREAD_PRIO_INHERIT 1
| #define HAVE_PTHREAD 1
| #define STDC_HEADERS 1
| #define HAVE_SYS_TYPES_H 1
| #define HAVE_SYS_STAT_H 1
| #define HAVE_STDLIB_H 1
| #define HAVE_STRING_H 1
| #define HAVE_MEMORY_H 1
| #define HAVE_STRINGS_H 1
| #define HAVE_INTTYPES_H 1
| #define HAVE_STDINT_H 1
| #define HAVE_UNISTD_H 1
| #define HAVE_LIBREADLINE 1
| #define HAVE_GETADDRINFO 1
| #define HAVE_GETPASS 1
| #define HAVE_MAKECONTEXT 1
| #define MAXNOC 99
| #define EMPTH_LWP 1
| /* end confdefs.h.  */
| 
| /* Override any GCC internal prototype to avoid an error.
|    Use char because int might match the return type of a GCC
|    builtin and then its argument prototype would still apply.  */
| #ifdef __cplusplus
| extern "C"
| #endif
| char setupterm ();
| int
| main ()
| {
| return setupterm ();
|   ;
|   return 0;
| }
configure:5168: gcc -o conftest -g -O2 -Wall -Wextra -Wdeclaration-after-statement -Wformat-security -Winit-self -Wlogical-op -Wmissing-prototypes -Wnested-externs -Wold-style-definition -Wpacked -Wpointer-arith -Wredundant-decls -Wstrict-prototypes -Wundef -Wno-unused-parameter -fno-builtin-carg -fno-common -fno-strict-aliasing -fno-strict-overflow   -fstack-protector-strong conftest.c -ltermlib  -lreadline   >&5
conftest.c:34:1: warning: function declaration isn't a prototype [-Wstrict-prototypes]
 char setupterm ();
 ^
conftest.c:36:1: warning: function declaration isn't a prototype [-Wstrict-prototypes]
 main ()
 ^
conftest.c: In function 'main':
conftest.c:36:1: warning: old-style function definition [-Wold-style-definition]
/usr/bin/ld: cannot find -ltermlib
collect2: error: ld returned 1 exit status
configure:5168: $? = 1
configure: failed program was:
| /* confdefs.h */
| #define PACKAGE_NAME "Wolfpack Empire"
| #define PACKAGE_TARNAME "empire"
| #define PACKAGE_VERSION "4.4.0"
| #define PACKAGE_STRING "Wolfpack Empire 4.4.0"
| #define PACKAGE_BUGREPORT "wolfpack@wolfpackempire.com"
| #define PACKAGE_URL "http://www.wolfpackempire.com/"
| #define HAVE_PTHREAD_PRIO_INHERIT 1
| #define HAVE_PTHREAD 1
| #define STDC_HEADERS 1
| #define HAVE_SYS_TYPES_H 1
| #define HAVE_SYS_STAT_H 1
| #define HAVE_STDLIB_H 1
| #define HAVE_STRING_H 1
| #define HAVE_MEMORY_H 1
| #define HAVE_STRINGS_H 1
| #define HAVE_INTTYPES_H 1
| #define HAVE_STDINT_H 1
| #define HAVE_UNISTD_H 1
| #define HAVE_LIBREADLINE 1
| #define HAVE_GETADDRINFO 1
| #define HAVE_GETPASS 1
| #define HAVE_MAKECONTEXT 1
| #define MAXNOC 99
| #define EMPTH_LWP 1
| /* end confdefs.h.  */
| 
| /* Override any GCC internal prototype to avoid an error.
|    Use char because int might match the return type of a GCC
|    builtin and then its argument prototype would still apply.  */
| #ifdef __cplusplus
| extern "C"
| #endif
| char setupterm ();
| int
| main ()
| {
| return setupterm ();
|   ;
|   return 0;
| }
configure:5168: gcc -o conftest -g -O2 -Wall -Wextra -Wdeclaration-after-statement -Wformat-security -Winit-self -Wlogical-op -Wmissing-prototypes -Wnested-externs -Wold-style-definition -Wpacked -Wpointer-arith -Wredundant-decls -Wstrict-prototypes -Wundef -Wno-unused-parameter -fno-builtin-carg -fno-common -fno-strict-aliasing -fno-strict-overflow   -fstack-protector-strong conftest.c -ltermcap  -lreadline   >&5
conftest.c:34:1: warning: function declaration isn't a prototype [-Wstrict-prototypes]
 char setupterm ();
 ^
conftest.c:36:1: warning: function declaration isn't a prototype [-Wstrict-prototypes]
 main ()
 ^
conftest.c: In function 'main':
conftest.c:36:1: warning: old-style function definition [-Wold-style-definition]
configure:5168: $? = 0
configure:5185: result: -ltermcap
configure:5198: checking for curses.h
configure:5198: gcc -c -g -O2 -Wall -Wextra -Wdeclaration-after-statement -Wformat-security -Winit-self -Wlogical-op -Wmissing-prototypes -Wnested-externs -Wold-style-definition -Wpacked -Wpointer-arith -Wredundant-decls -Wstrict-prototypes -Wundef -Wno-unused-parameter -fno-builtin-carg -fno-common -fno-strict-aliasing -fno-strict-overflow  conftest.c >&5
configure:5198: $? = 0
configure:5198: result: yes
configure:5198: checking for term.h
configure:5198: gcc -c -g -O2 -Wall -Wextra -Wdeclaration-after-statement -Wformat-security -Winit-self -Wlogical-op -Wmissing-prototypes -Wnested-externs -Wold-style-definition -Wpacked -Wpointer-arith -Wredundant-decls -Wstrict-prototypes -Wundef -Wno-unused-parameter -fno-builtin-carg -fno-common -fno-strict-aliasing -fno-strict-overflow  conftest.c >&5
configure:5198: $? = 0
configure:5198: result: yes
configure:5361: creating ./config.status

## ---------------------- ##
## Running config.status. ##
## ---------------------- ##

This file was extended by Wolfpack Empire config.status 4.4.0, which was
generated by GNU Autoconf 2.69.  Invocation command line was

  CONFIG_FILES    = 
  CONFIG_HEADERS  = 
  CONFIG_LINKS    = 
  CONFIG_COMMANDS = 
  $ ./config.status 

on empiredirectory.net

config.status:862: creating GNUmakefile
config.status:862: creating config.h
config.status:1051: executing depfiles commands
config.status:1051: executing stamp-h commands
configure:6651: 
configure:6653: -= Configuration summary =-
configure:6655: Thread package: LWP
configure:6657:       readline: yes
configure:6659:       terminfo: yes
configure:6661:     EMPIREHOST: 127.0.0.1
configure:6663:     EMPIREPORT: 6665

## ---------------- ##
## Cache variables. ##
## ---------------- ##

ac_cv_build=x86_64-unknown-linux-gnu
ac_cv_c_compiler_gnu=yes
ac_cv_env_CC_set=
ac_cv_env_CC_value=
ac_cv_env_CFLAGS_set=
ac_cv_env_CFLAGS_value=
ac_cv_env_CPPFLAGS_set=
ac_cv_env_CPPFLAGS_value=
ac_cv_env_CPP_set=
ac_cv_env_CPP_value=
ac_cv_env_EMPIREHOST_set=
ac_cv_env_EMPIREHOST_value=
ac_cv_env_EMPIREPORT_set=
ac_cv_env_EMPIREPORT_value=
ac_cv_env_LDFLAGS_set=
ac_cv_env_LDFLAGS_value=
ac_cv_env_LIBS_set=
ac_cv_env_LIBS_value=
ac_cv_env_NROFF_set=
ac_cv_env_NROFF_value=
ac_cv_env_build_alias_set=
ac_cv_env_build_alias_value=
ac_cv_env_host_alias_set=
ac_cv_env_host_alias_value=
ac_cv_env_target_alias_set=
ac_cv_env_target_alias_value=
ac_cv_func_getaddrinfo=yes
ac_cv_func_getpass=yes
ac_cv_func_makecontext=yes
ac_cv_header_curses_h=yes
ac_cv_header_inttypes_h=yes
ac_cv_header_memory_h=yes
ac_cv_header_readline_history_h=yes
ac_cv_header_readline_readline_h=yes
ac_cv_header_stdc=yes
ac_cv_header_stdint_h=yes
ac_cv_header_stdlib_h=yes
ac_cv_header_string_h=yes
ac_cv_header_strings_h=yes
ac_cv_header_sys_stat_h=yes
ac_cv_header_sys_types_h=yes
ac_cv_header_term_h=yes
ac_cv_header_unistd_h=yes
ac_cv_host=x86_64-unknown-linux-gnu
ac_cv_lib_readline___add_history=yes
ac_cv_objext=o
ac_cv_path_EGREP='/bin/grep -E'
ac_cv_path_GREP=/bin/grep
ac_cv_path_install='/usr/bin/install -c'
ac_cv_prog_AWK=gawk
ac_cv_prog_CPP='gcc -E'
ac_cv_prog_NROFF='GROFF_NO_SGR= groff -Tascii -U'
ac_cv_prog_ac_ct_CC=gcc
ac_cv_prog_ac_ct_RANLIB=ranlib
ac_cv_prog_cc_c89=
ac_cv_prog_cc_g=yes
ac_cv_search_gethostbyname='none required'
ac_cv_search_setupterm=-ltermcap
ac_cv_search_socket='none required'
am_cv_CC_dependencies_compiler_type=gcc3
ax_cv_PTHREAD_PRIO_INHERIT=yes
ax_cv_check_cflags__Wall=yes
ax_cv_check_cflags__Wdeclaration_after_statement=yes
ax_cv_check_cflags__Wextra=yes
ax_cv_check_cflags__Wformat_security=yes
ax_cv_check_cflags__Winit_self=yes
ax_cv_check_cflags__Wlogical_op=yes
ax_cv_check_cflags__Wmissing_prototypes=yes
ax_cv_check_cflags__Wnested_externs=yes
ax_cv_check_cflags__Wold_style_definition=yes
ax_cv_check_cflags__Wpacked=yes
ax_cv_check_cflags__Wpointer_arith=yes
ax_cv_check_cflags__Wredundant_decls=yes
ax_cv_check_cflags__Wstrict_prototypes=yes
ax_cv_check_cflags__Wundef=yes
ax_cv_check_cflags__Wunused_parameter=yes
ax_cv_check_cflags___Werror_unknown_warning_option=no
ax_cv_check_cflags___Wincompatible_library_redeclaration=no
ax_cv_check_cflags___fno_builtin_carg=yes
ax_cv_check_cflags___fno_common=yes
ax_cv_check_cflags___fno_strict_aliasing=yes
ax_cv_check_cflags___fno_strict_overflow=yes
ax_cv_check_ldflags___fstack_protector_strong=yes

## ----------------- ##
## Output variables. ##
## ----------------- ##

AMDEPBACKSLASH='\'
AMDEP_FALSE='#'
AMDEP_TRUE=''
AWK='gawk'
CC='gcc'
CCDEPMODE='depmode=gcc3'
CFLAGS='-g -O2 -Wall -Wextra -Wdeclaration-after-statement -Wformat-security -Winit-self -Wlogical-op -Wmissing-prototypes -Wnested-externs -Wold-style-definition -Wpacked -Wpointer-arith -Wredundant-decls -Wstrict-prototypes -Wundef -Wno-unused-parameter -fno-builtin-carg -fno-common -fno-strict-aliasing -fno-strict-overflow'
CPP='gcc -E'
CPPFLAGS=''
DEFS='-DHAVE_CONFIG_H'
DEPDIR='.deps'
ECHO_C=''
ECHO_N='-n'
ECHO_T=''
EGREP='/bin/grep -E'
EMPIREHOST='127.0.0.1'
EMPIREPORT='6665'
EXEEXT=''
GREP='/bin/grep'
INSTALL_DATA='${INSTALL} -m 644'
INSTALL_PROGRAM='${INSTALL}'
INSTALL_SCRIPT='${INSTALL}'
LDFLAGS=' -fstack-protector-strong'
LIBOBJS=''
LIBS=''
LIBS_SOCKETS=''
LIBS_client='-ltermcap -lreadline  '
LIBS_server=' '
LTLIBOBJS=''
NROFF='GROFF_NO_SGR= groff -Tascii -U'
OBJEXT='o'
PACKAGE_BUGREPORT='wolfpack@wolfpackempire.com'
PACKAGE_NAME='Wolfpack Empire'
PACKAGE_STRING='Wolfpack Empire 4.4.0'
PACKAGE_TARNAME='empire'
PACKAGE_URL='http://www.wolfpackempire.com/'
PACKAGE_VERSION='4.4.0'
PATH_SEPARATOR=':'
PTHREAD_CC='gcc'
PTHREAD_CFLAGS='-pthread'
PTHREAD_LIBS=''
RANLIB='ranlib'
SHELL='/bin/bash'
ac_ct_CC='gcc'
am__fastdepCC_FALSE='#'
am__fastdepCC_TRUE=''
am__include='include'
am__leading_dot='.'
am__nodep='_no'
am__quote=''
ax_pthread_config=''
bindir='${exec_prefix}/bin'
build='x86_64-unknown-linux-gnu'
build_alias=''
build_cpu='x86_64'
build_os='linux-gnu'
build_vendor='unknown'
datadir='${datarootdir}'
datarootdir='${prefix}/share'
docdir='${datarootdir}/doc/${PACKAGE_TARNAME}'
dvidir='${docdir}'
empthread='LWP'
exec_prefix='${prefix}'
host='x86_64-unknown-linux-gnu'
host_alias=''
host_cpu='x86_64'
host_os='linux-gnu'
host_vendor='unknown'
htmldir='${docdir}'
includedir='${prefix}/include'
infodir='${datarootdir}/info'
libdir='${exec_prefix}/lib'
libexecdir='${exec_prefix}/libexec'
localedir='${datarootdir}/locale'
localstatedir='${prefix}/var'
mandir='${datarootdir}/man'
oldincludedir='/usr/include'
pdfdir='${docdir}'
prefix='/home/empowner/empire'
program_transform_name='s,x,x,'
psdir='${docdir}'
revctrl=''
sbindir='${exec_prefix}/sbin'
sharedstatedir='${prefix}/com'
sysconfdir='${prefix}/etc'
target_alias=''

## ----------- ##
## confdefs.h. ##
## ----------- ##

/* confdefs.h */
#define PACKAGE_NAME "Wolfpack Empire"
#define PACKAGE_TARNAME "empire"
#define PACKAGE_VERSION "4.4.0"
#define PACKAGE_STRING "Wolfpack Empire 4.4.0"
#define PACKAGE_BUGREPORT "wolfpack@wolfpackempire.com"
#define PACKAGE_URL "http://www.wolfpackempire.com/"
#define HAVE_PTHREAD_PRIO_INHERIT 1
#define HAVE_PTHREAD 1
#define STDC_HEADERS 1
#define HAVE_SYS_TYPES_H 1
#define HAVE_SYS_STAT_H 1
#define HAVE_STDLIB_H 1
#define HAVE_STRING_H 1
#define HAVE_MEMORY_H 1
#define HAVE_STRINGS_H 1
#define HAVE_INTTYPES_H 1
#define HAVE_STDINT_H 1
#define HAVE_UNISTD_H 1
#define HAVE_LIBREADLINE 1
#define HAVE_GETADDRINFO 1
#define HAVE_GETPASS 1
#define HAVE_MAKECONTEXT 1
#define MAXNOC 99
#define EMPTH_LWP 1
#define HAVE_CURSES_H 1
#define HAVE_TERM_H 1
#define HAVE_CURSES_TERMINFO 1

configure: exit 0
